<?xml version="1.0" encoding="UTF-8"?>
<!-- Generated by org.testng.reporters.JUnitReportReporter -->
<testsuite skipped="0" hostname="DESKTOP-89OTHQ5" name="com.jbk.hybrid.testcases.LoginTest" tests="1" failures="0" timestamp="01 Aug 2020 04:54:30 GMT" time="2.401" errors="0">
  <testcase name="login" time="2.401" classname="com.jbk.hybrid.testcases.LoginTest"/>
</testsuite> <!-- com.jbk.hybrid.testcases.LoginTest -->
